2017-11-16 16:28:28,503 >[5]|INFO |IDI.Core.Infrastructure.Runtime|administrator|basicinfo-product-query|accept|-|
2017-11-16 16:28:32,193 >[15]|INFO |IDI.Core.Infrastructure.Runtime|administrator|basicinfo-option-query|accept|-|
2017-11-16 16:28:32,481 >[15]|INFO |IDI.Core.Infrastructure.Runtime|administrator|basicinfo-tag-query|accept|-|
2017-11-16 16:28:32,652 >[14]|INFO |IDI.Core.Infrastructure.Runtime|administrator|basicinfo-product-read|accept|-|
2017-11-16 16:28:35,376 >[14]|INFO |IDI.Core.Infrastructure.Runtime|administrator|basicinfo-product-query|accept|-|
2017-11-16 16:28:39,034 >[6]|INFO |IDI.Core.Infrastructure.Runtime|administrator|basicinfo-product-read|accept|-|
2017-11-16 16:28:39,036 >[5]|INFO |IDI.Core.Infrastructure.Runtime|administrator|basicinfo-enum-query|accept|-|
2017-11-16 16:36:26,200 >[6]|INFO |IDI.Core.Infrastructure.Runtime|administrator|basicinfo-product-picture-upload|accept|-|
2017-11-16 16:36:26,733 >[14]|INFO |IDI.Core.Infrastructure.Runtime|administrator|basicinfo-product-read|accept|-|
2017-11-16 16:36:34,670 >[13]|INFO |IDI.Core.Infrastructure.Runtime|administrator|basicinfo-product-read|accept|-|
2017-11-16 16:36:34,736 >[14]|INFO |IDI.Core.Infrastructure.Runtime|administrator|basicinfo-enum-query|accept|-|
2017-11-16 17:00:56,281 >[6]|INFO |IDI.Core.Infrastructure.Runtime|administrator|basicinfo-product-query|accept|-|
2017-11-16 17:01:00,801 >[17]|INFO |IDI.Core.Infrastructure.Runtime|administrator|basicinfo-product-query|accept|-|
2017-11-16 17:03:48,691 >[6]|INFO |IDI.Core.Infrastructure.Runtime|administrator|basicinfo-product-read|accept|-|
2017-11-16 17:03:48,703 >[5]|INFO |IDI.Core.Infrastructure.Runtime|administrator|basicinfo-enum-query|accept|-|
2017-11-16 17:40:26,119 >[14]|INFO |IDI.Core.Infrastructure.Runtime|administrator|basicinfo-enum-query|accept|-|
2017-11-16 17:40:26,119 >[5]|INFO |IDI.Core.Infrastructure.Runtime|administrator|basicinfo-product-read|accept|-|
2017-11-16 17:40:34,719 >[14]|INFO |IDI.Core.Infrastructure.Runtime|administrator|basicinfo-product-picture-remove|accept|-|
2017-11-16 17:40:37,525 >[5]|INFO |IDI.Core.Infrastructure.Runtime|administrator|basicinfo-product-picture-remove|accept|-|
2017-11-16 17:40:39,776 >[6]|INFO |IDI.Core.Infrastructure.Runtime|administrator|basicinfo-product-picture-remove|accept|-|
